2024-09-01 14:46:10,345 - INFO - PSO Optimization for Analytical Signal started
2024-09-01 14:46:10,349 - INFO - Starting run 1
2024-09-01 14:46:10,355 - INFO - Iteration 1 positions: [[  93.5800172  -127.69945422 -112.20602381  129.67038697  -13.62037428
   -81.78149393  -84.33135944  -83.80228657  -17.92737261 -147.24826589
   128.19609846  -35.63631589 -110.77836027   60.20456188   41.85992535
   -28.25846334 -127.23575156 -126.05420306  -35.66673124    1.25418816]
 [  18.76487843   27.91696654    7.3665362     8.69268129   44.9006616
    17.60603238   26.07359116   43.76879629   33.03772742   29.14272449
    35.83981481    9.78544496   48.12078246   17.64635657   49.55933743
    24.20602847    6.95969811   23.27860488   33.96775632   13.19089638]]
2024-09-01 14:46:10,362 - INFO - Iteration 2 positions: [[112.19602064  49.48520184  12.90110761 117.74426798 127.54399922
  -33.60714899  -6.078267   150.         127.56848327 150.
  144.86881675   9.00494739 150.          86.94109645  69.06027957
  150.          32.56874452 -61.01795322  49.16131273  90.13798014]
 [ 22.41785411  29.73511208  15.14861565  29.12722442  50.
   21.45074231  27.33411002  43.70166115  25.10615348  23.46589717
   23.27027069  26.28928055   5.30214615  21.63560782  45.12802628
   28.74110301  26.9891081   20.64476407  29.74432188  20.87411474]]
2024-09-01 14:46:10,369 - INFO - Iteration 3 positions: [[ 78.63437937 109.41327305 110.05365076  90.8051399  124.89571698
   32.71365053 150.          95.21447395 131.11744412 145.65266771
   90.90319856 150.          28.97272665  95.95887275  97.58781058
   66.65651625 141.12132713 -65.8083913   60.10927933  99.02635934]
 [ 20.21701499  18.60121529  19.118372    15.36910876   5.
   21.50333683  14.64591164  28.21170628  22.97677005  18.64985094
   40.19074064  23.57562845  50.          21.09466816  11.97579147
   21.28335917  18.99547553  21.38641665  16.99246136  21.64243658]]
2024-09-01 14:46:10,377 - INFO - Iteration 4 positions: [[ 84.70929551 110.3934298  100.59341897  87.70751659 128.35293768
   86.75874552 -51.43980863  88.20111259  60.32822252  57.14407189
   84.70439447 139.32582149  68.46465552  86.08199083  39.92750802
  100.84899289 -84.07572635 134.95380813  61.53952335  98.64782775]
 [ 19.64910849  20.82267448  19.53210967  19.3074324   50.
   20.33220236  36.81472002  20.47504979  22.82653188  30.60589274
    6.02388983  21.00719126  15.71373557  20.97978573  50.
   19.98084896  24.58274322  23.94595459  21.43802156  19.71724414]]
2024-09-01 14:46:10,384 - INFO - Iteration 5 positions: [[ 88.56849469  90.23365906  75.88183003  87.68813675  81.87046869
   92.7128946  150.          87.49977645  78.45991944  93.81895498
  100.91086457  85.7640868   50.93704435  86.77494794 118.79501081
   90.58191438 150.         106.63568474 110.1608916   69.11280851]
 [ 20.39278092  21.01496713  20.97099276  20.64381559  50.
   20.24031882  23.898613    19.70138414  19.89737452  24.357583
   50.          22.25808773  50.          19.99583589  43.25604999
   19.916901    25.55198317  21.84891387  21.23653396  22.42883736]]
2024-09-01 14:46:10,391 - INFO - Iteration 6 positions: [[ 88.95441461  86.26381678  95.23397794  88.58915368  87.54963452
   76.23090156 150.          89.95559219  84.34197755  95.87212984
   99.82365165  82.96594253  77.26483778  86.97687259 -10.27542895
   89.52552395 134.64663529  72.7207049   87.57533861 131.87413581]
 [ 20.46714817  20.99210033  17.89939691  20.40952249  40.74611947
   20.42952095  21.18099306  20.10997933  19.85381424  17.94389906
   19.97524963  19.0691361    5.          20.52813221  18.40582634
   20.43143178  17.99882597  19.20053761  19.65045771  19.37604559]]
2024-09-01 14:46:10,398 - INFO - Iteration 7 positions: [[ 87.93430117  90.91195604  94.57022133  88.66194858  89.78949866
  106.58500704  98.39329911  88.72854602  92.07326794  89.03920705
   89.44795164  84.86882556  56.87888182  87.97232631 150.
   88.92520581 125.09650473 143.1158784   86.76590616  32.28193122]
 [ 20.29782175  20.74094451  20.25412652  20.35522214  21.27267845
   20.26784727  21.56129128  20.30817209  19.84968528  28.93369814
   17.4214709   22.91002747  50.          19.88435288  50.
   20.41809501  23.28924547  21.58351339  20.7500975   20.89843736]]
2024-09-01 14:46:10,405 - INFO - Iteration 8 positions: [[ 89.33942756  87.10355549  88.16458865  88.7048626   89.87551417
   58.17158506  84.92671488  88.60584141  91.04002797  89.56603186
   87.46063691  86.80713929 117.29152369  89.28835779 -14.83160431
   88.62834068  58.7570931  101.06782827  90.34254911 150.        ]
 [ 20.4712625   20.6998728   20.5533233   20.27368447  19.18119573
   20.40507219  21.35142561  20.32799137  20.68877777  17.25528277
   17.50977458  21.87585075  11.41938785  20.10678744  29.62350014
   20.39646389  20.82729313  21.45337999  19.16367673  20.9970669 ]]
2024-09-01 14:46:10,412 - INFO - Iteration 9 positions: [[ 88.46953233  88.02182154  88.28807239  89.33560749  89.68487081
  150.          90.62901869  89.81773878  90.50116234  89.47542609
   87.97989803  88.07673028  10.88541005  89.41996094 150.
   89.96403969  95.37720683  93.4112371   83.62120869   7.48820979]
 [ 20.09224334  20.39966906  19.78445347  20.16928607  20.77070204
   19.82953839  19.21328239  20.21372086  19.881159    19.29592522
   21.17514319  20.55636827  25.25532337  20.1290309   49.0400956
   19.90776581  20.50052812  20.27917472  21.24561165  20.75440105]]
2024-09-01 14:46:10,419 - INFO - Solution found in run 1 after 9 iterations
2024-09-01 14:46:10,419 - INFO - Total number of iterations: 8
2024-09-01 14:46:10,419 - INFO - Original parameters: x = 89, h = 20
2024-09-01 14:46:10,419 - INFO - Final parameters: x = 89.28835779490876, h = 20.106787444670093
2024-09-01 14:46:10,419 - INFO - Final Error: [0.00053148]
2024-09-01 14:46:10,419 - INFO - PSO Optimization completed
2024-09-01 14:46:26,672 - INFO - PSO Optimization for Analytical Signal started
2024-09-01 14:46:26,675 - INFO - Starting run 1
2024-09-01 14:46:26,685 - INFO - Iteration 1 positions: [[ -46.45063224 -112.80760468   96.48968359  -20.70503587   64.26347089
    61.0718541    34.08191556  -73.80003718   73.47292916  -79.65361793
    -9.80906383 -145.39458661 -111.13639307   99.59522382   67.13698565
    23.53368983   69.8381536    44.73192655  119.05902088   98.20110424]
 [   5.92267161   35.45516956   11.57350378   20.19258321   49.30110538
    28.29181854   16.78601659   45.78719236   44.08263582   13.59707295
    35.1510328    29.54932181   31.88549731   16.96548609   37.43840995
    35.75095386   47.98617977   34.34918833    5.17566251   29.48203901]]
2024-09-01 14:46:26,692 - INFO - Iteration 2 positions: [[-40.07128339  51.89802851 117.62901832 125.08712522 105.00886146
  105.74475552 104.89446034  -1.48757928  90.49099775 101.8099471
  150.         150.         -56.3441976  119.27911555 135.56475676
   49.30863878 139.98497764 150.         110.26863818 117.74132509]
 [ 21.03230109  38.65445162  45.14596247  24.78254292  50.
   34.65429662  32.62512349  37.34661909  50.          16.33913336
   37.61659219  35.31207483  36.72401725  29.61936154  40.92121335
   42.32119377  24.32651803  31.52558228  45.17923474  35.27844681]]
2024-09-01 14:46:26,699 - INFO - Iteration 3 positions: [[149.59356158 140.920713   112.38121325  91.24304623 105.96114882
   99.93466955 111.77975907 150.          70.09156653 116.4050963
  120.43359978 147.50950221 150.         113.53881673 -39.96699895
  100.96587734  94.45732784 150.          87.72350421  55.24495709]
 [ 25.40348984  29.80335997  29.56820424  31.50302125  10.25692808
   31.19678833  29.11307138  27.69530321  29.7047363   20.2340275
   23.61947379  35.21376335  32.94174364  27.38906124  18.85512049
   19.21928253  50.          31.90027696  27.9400842   18.13232217]]
2024-09-01 14:46:26,707 - INFO - Iteration 4 positions: [[141.8660049  -23.12613744 105.1639954   81.71791367 104.74157257
   98.30865242  70.73702979 136.9930835   74.68294794  51.81366727
   60.31401922 104.32965084 104.53914676  53.79571999 150.
  104.27210913  78.07527626  -9.96660751  85.46899081 128.05791582]
 [ 29.13467989  33.396103    25.70942244  27.85578783  50.
   28.93260464  28.90881526  26.78970011  27.32234635  31.74573416
   28.80742195  26.6445502   24.40365781  20.81331895  28.60131136
   23.68212678  11.25689447  28.52856057  26.21616915  50.        ]]
2024-09-01 14:46:26,714 - INFO - Iteration 5 positions: [[ 59.01190141 150.          71.71652712  87.2620907   82.31783709
   90.77271257  83.80086449  54.05327722  91.47641635 125.08271057
   88.24604485  87.51475166  98.73833036 150.          11.69296854
   82.2560269   87.50872792 150.          85.24353947  74.30075437]
 [ 24.79293387  39.34708055  25.59894826  26.87847045  50.
   27.87630342  23.66786638  26.14038082  25.72881351   5.
   26.03279822  25.68534052  26.95579655  24.49849992  29.32500578
   25.93245706  50.          28.21785954  26.04377764   5.        ]]
2024-09-01 14:46:26,720 - INFO - Iteration 6 positions: [[ 54.50930695 -46.28694322  99.94839082  85.49982057  82.65812935
   89.75265585  85.10724795  99.16293974  89.07678679  85.08579559
   82.54939978  82.7020679   87.44496133  76.19109178 111.4855263
   81.84244272  85.58378153  12.88328688  83.70356611  89.26192133]
 [ 22.88986869   9.37411311  23.12993115  22.41073731  35.97650151
   23.54877423  23.14377149  21.9480842   23.57428936  28.62380583
   23.17247663  23.11364461  26.94889351  20.98118748  31.5295068
   24.83439194  31.50643715  26.08400905  24.76629347  28.5492704 ]]
2024-09-01 14:46:26,727 - INFO - Iteration 7 positions: [[114.3063394    5.49555678  86.31676014  85.32359355  84.3346549
   82.95894025  85.80392448  89.79052246  88.73233385  81.38131653
   85.36484077  86.64793162  83.17010301  75.49319219  82.02382774
   84.8010698   85.28352118  49.52586251  85.7829849   85.95975207]
 [ 23.60297657  27.21542649  21.92292093  21.963964    32.91128039
   22.82548897  21.77883448  22.11075629  22.01610853  25.34719052
   22.74543963  21.81698989  23.30993947  22.03126626  26.15486365
   24.46159743  21.58894345  39.80806712  20.1544583   21.85237534]]
2024-09-01 14:46:26,734 - INFO - Iteration 8 positions: [[ 64.5680935   63.66112538  84.58334281  85.67418154  84.90117453
   91.43795006  85.85710535  82.81224733  84.58562971  82.62419672
   86.20595447  86.63113136  86.4178512   85.41703221  83.49055141
   85.21710707  85.70428475 109.78129774  85.99092677  85.55966964]
 [ 20.2608026   23.44224001  19.74492185  19.63600604  10.00171069
   22.81752772  21.57749436  18.95879375  19.01870056  22.04923671
   18.93968832  19.93278656  20.9335916   19.40500753  15.88509889
   17.22552891  18.27228675  23.81690249  19.69327478  18.54742056]]
2024-09-01 14:46:26,741 - INFO - Iteration 9 positions: [[125.48598528  75.15647884  84.5847575   86.40101986  87.74806944
   91.0037171   86.28183932  98.97477419  89.44288025  85.00626341
   86.40220724  86.62945134  86.88814056  87.14079291  87.38198577
   84.82824832  85.54044454  92.10689118  86.5247903   87.23134818]
 [ 25.95637548  17.51984979  19.65965433  19.78797528  42.40179238
   19.84829861  21.13600193  20.3347212   23.78042395  18.78943232
   20.0638077   19.74436623  18.71846267  19.52253433  21.09014608
   29.12825062  25.48252908  16.89441317  19.82691315  24.80540169]]
2024-09-01 14:46:26,747 - INFO - Iteration 10 positions: [[ 79.62108758 107.38050602  85.14798018  94.86504191  87.94573787
   90.9602938   87.51086976  79.86460263  92.14254481  92.72817386
   92.62931924  93.73418714  88.77235048  90.19868308  93.20919708
   94.57641517  91.9581698   89.39820535  89.41056582  90.87412295]
 [ 14.35576969  21.54892341  19.81259038  19.87194504  13.39993476
   19.5513757   20.90052816  20.32691474  16.08461093  18.47315585
   19.91277776  19.90917569  22.25603929  20.0880595   20.02340151
   12.14869634  22.67573207  19.2212327   19.87617403  18.78677202]]
2024-09-01 14:46:26,754 - INFO - Iteration 11 positions: [[94.93106965 86.92516001 92.85874025 72.0890867  85.91120002 90.17360139
  88.46803482 96.11978339 86.6792917  77.16529565 80.39560595 83.59428571
  86.98221313 90.40621651 90.32678679 92.3461847  82.19776895 89.13748204
  89.69914337 90.21952271]
 [37.55655688 20.09211641 19.88189422 19.74525262 28.01537334 19.95618795
  19.56092337 20.09973482 24.56844223 19.04412046 20.15786922 19.91287463
  17.47496893 20.05895443 20.76102257 36.35486576 16.94117603 19.56593304
  19.88110012 20.3199009 ]]
2024-09-01 14:46:26,761 - INFO - Solution found in run 1 after 11 iterations
2024-09-01 14:46:26,762 - INFO - Total number of iterations: 10
2024-09-01 14:46:26,762 - INFO - Original parameters: x = 89, h = 20
2024-09-01 14:46:26,762 - INFO - Final parameters: x = 89.41056582188891, h = 19.87617403195873
2024-09-01 14:46:26,762 - INFO - Final Error: [0.00071284]
2024-09-01 14:46:26,762 - INFO - PSO Optimization completed
2024-09-01 14:47:08,458 - INFO - PSO Optimization for Analytical Signal started
2024-09-01 14:47:08,461 - INFO - Starting run 1
2024-09-01 14:47:08,471 - INFO - Iteration 1 positions: [[ 132.23664897   72.8825133  -139.71449075   44.63346361 -107.40288331
   -11.95969111   -9.46549101    2.91129846  -40.79630747  -24.51598218
     7.64804694 -137.70123718   19.20638705   45.09272518   88.93543424
    71.38092422  -20.79156713 -132.21264825   86.07075958  -90.97047648]
 [  30.43144167   37.01509005   35.07040652   26.4681581    25.96997374
    12.80676691   10.24053643    9.91606377   44.05146324   25.18934468
    21.35866489   38.80755521   25.02187776   42.89926718   23.97533985
    45.39564582   19.35413586   44.68974108   38.32716784   21.06373172]]
2024-09-01 14:47:08,478 - INFO - Iteration 2 positions: [[134.54843272 118.71913484 150.         141.85582648  53.38344623
   79.95272445 150.          85.11036313  68.45199156  46.69805071
   76.53635493 101.78483889 146.64954828 117.86804755 106.62252108
  113.82662259  87.01133451  78.49234845 104.95253274  36.61352359]
 [ 32.54161429  26.79855953  38.28519728  26.91282326  30.89256756
   33.52968247  17.75833595  37.66469143  15.29734381  28.2901354
   29.9966902   39.37651765  29.73824334  48.5212568   28.67040782
   50.          24.41829185  39.49858835  37.97666513  26.28886371]]
2024-09-01 14:47:08,485 - INFO - Iteration 3 positions: [[ 69.673963    21.41245455 150.          37.76307557  95.89481816
  103.70341281  86.6985287   95.10377857  27.50872629  60.6790183
   86.01101992 105.12364642  78.35581728  89.42654396  65.37509921
   20.2063617  100.52711687 103.12411079  78.70899296  67.03016693]
 [ 19.01741395  37.38499215  14.82678426  22.205049    30.85250547
   30.54845109  23.30642031  19.38501371  30.6457746   23.45621062
   23.67974325  29.85012227  21.01185566   5.          24.7497031
    5.          24.19880211  28.82697354  11.14584196  23.04458579]]
2024-09-01 14:47:08,492 - INFO - Iteration 4 positions: [[ 90.78817747 143.00845363 149.95968036  76.87650718  87.22279692
   97.71225495  80.36838156  82.33755362 111.80483653  83.64319186
   87.18217158  70.54908774  76.47352885  96.47806271  98.79081348
  113.49581515  59.32846552 101.67338543  94.04313696 109.31512464]
 [ 21.69725772  26.92567277  32.41235541  28.89522937  27.53555244
   20.40322482  23.86122874  19.06097599  23.9073191   22.68432813
   22.46870235  27.37679928  22.40824225   5.          23.53420864
   29.86005757  23.15613501  20.49841172  27.94033849  23.18613846]]
2024-09-01 14:47:08,499 - INFO - Iteration 5 positions: [[ 92.89959892  11.90856985  82.89170849  94.43853067  91.45545128
   92.29853936  93.48629692  92.67432114 102.2275595   89.97051484
   87.47176649  80.0935369   86.10895149 112.12866506  92.43089675
  103.14515453 114.09769125  84.43165684  89.93707131 106.55974377]
 [ 21.96524209  29.69718757  29.141709    23.00040646  16.50182415
   20.81221259  19.09195494  20.9199593   19.20583767  21.36481903
   22.12711301  18.88070612  21.0004793   30.97498456  21.9702313
   19.10775874  23.69100255  20.46067303  20.98143754  22.32492677]]
2024-09-01 14:47:08,505 - INFO - Iteration 6 positions: [[ 88.33545534  98.21533742  85.22017352  89.84006595  88.93126149
   89.6784191   90.08202666  89.28726155  95.76247251  90.54553959
   92.1671585   94.88287575  90.41545491  87.38879224  88.40642504
   90.31758448  52.97536326  91.34198808  89.52646475 104.21232881]
 [ 20.87122197  27.01190149  27.6997094   20.1001159   18.09716161
   20.88130905  21.99257998  21.18751321  19.2314295   20.474493
   21.76855679  19.18954304  20.84874736  16.90151394  20.26371216
   20.44395048  24.7489854   21.2358757   20.28554744  22.13237518]]
2024-09-01 14:47:08,512 - INFO - Iteration 7 positions: [[ 88.69915254 104.68982306  86.39703313  88.82047282  89.55527827
   89.2584257   88.95043044  89.25768115  92.36277555  89.26856885
   86.11034801  86.59074311  89.41946909  85.2459768   88.05657442
   89.01892553 144.1879325   88.82832578  89.48540409 103.74894321]
 [ 20.26644749  22.7797504   17.22827508  20.02953714  18.41741029
   20.82514479  21.44412351  19.59438424  20.04573302  20.16708929
   20.85385561  19.7829589   19.77766291  15.66215408  20.10597798
   20.52689292  23.16933125  20.38212696  20.21595843  19.28962829]]
2024-09-01 14:47:08,519 - INFO - Iteration 8 positions: [[ 88.80955737  92.81067385  90.74751931  88.71851351  88.83711508
   88.51813337  88.70146953  88.59147471  90.3255991   88.49986783
   89.56221138  87.00994125  89.28678175  90.78436435  89.46179119
   88.69468082 -47.7966426   88.56951642  88.39433167 100.63657393]
 [ 19.97969133  24.38798757  21.64325388  20.02247926  20.91455573
   19.95210621  20.78525903  19.62268948  20.12578625  20.07291108
   20.12279609  19.97382149  19.71542194  17.48091771  20.08512781
   19.7495621   23.741095    19.62200278  20.20394608  22.27415873]]
2024-09-01 14:47:08,525 - INFO - Solution found in run 1 after 8 iterations
2024-09-01 14:47:08,526 - INFO - Total number of iterations: 7
2024-09-01 14:47:08,526 - INFO - Original parameters: x = 89, h = 20
2024-09-01 14:47:08,527 - INFO - Final parameters: x = 88.82047282031269, h = 20.029537138382018
2024-09-01 14:47:08,527 - INFO - Final Error: [0.00027267]
2024-09-01 14:47:08,527 - INFO - PSO Optimization completed
